<?xml version="1.0" encoding="UTF-8"?>
<testng-results ignored="0" total="1" passed="1" failed="0" skipped="0">
  <reporter-output>
  </reporter-output>
  <suite started-at="2022-03-08T12:49:07 CAT" name="Suite" finished-at="2022-03-08T12:49:44 CAT" duration-ms="37072">
    <groups>
    </groups>
    <test started-at="2022-03-08T12:49:07 CAT" name="FrameWorkDesign" finished-at="2022-03-08T12:49:44 CAT" duration-ms="37072">
      <class name="PGObjmodel.AmazonProductSellingTest">
        <test-method is-config="true" signature="beforeClass()[pri:0, instance:PGObjmodel.AmazonProductSellingTest@bae7dc0]" started-at="2022-03-08T12:49:07 CAT" name="beforeClass" finished-at="2022-03-08T12:49:19 CAT" duration-ms="11785" status="PASS">
          <reporter-output>
          </reporter-output>
        </test-method> <!-- beforeClass -->
        <test-method is-config="true" signature="TestSuccessfull()[pri:0, instance:PGObjmodel.AmazonProductSellingTest@bae7dc0]" started-at="2022-03-08T12:49:19 CAT" name="TestSuccessfull" finished-at="2022-03-08T12:49:19 CAT" duration-ms="10" status="PASS">
          <reporter-output>
          </reporter-output>
        </test-method> <!-- TestSuccessfull -->
        <test-method signature="init()[pri:0, instance:PGObjmodel.AmazonProductSellingTest@bae7dc0]" started-at="2022-03-08T12:49:19 CAT" name="init" finished-at="2022-03-08T12:49:42 CAT" duration-ms="23309" status="PASS">
          <reporter-output>
          </reporter-output>
        </test-method> <!-- init -->
        <test-method is-config="true" signature="afterClass()[pri:0, instance:PGObjmodel.AmazonProductSellingTest@bae7dc0]" started-at="2022-03-08T12:49:42 CAT" name="afterClass" finished-at="2022-03-08T12:49:44 CAT" duration-ms="1916" status="PASS">
          <reporter-output>
          </reporter-output>
        </test-method> <!-- afterClass -->
      </class> <!-- PGObjmodel.AmazonProductSellingTest -->
    </test> <!-- FrameWorkDesign -->
  </suite> <!-- Suite -->
</testng-results>
